0 info it worked if it ends with ok
1 verbose cli [ '/usr/bin/node', '/usr/bin/npm', 'run', 'gem-push' ]
2 info using npm@3.5.2
3 info using node@v8.10.0
4 verbose run-script [ 'pregem-push', 'gem-push', 'postgem-push' ]
5 info lifecycle jekyll-text-theme@2.2.4~pregem-push: jekyll-text-theme@2.2.4
6 silly lifecycle jekyll-text-theme@2.2.4~pregem-push: no script for pregem-push, continuing
7 info lifecycle jekyll-text-theme@2.2.4~gem-push: jekyll-text-theme@2.2.4
8 verbose lifecycle jekyll-text-theme@2.2.4~gem-push: unsafe-perm in lifecycle true
9 verbose lifecycle jekyll-text-theme@2.2.4~gem-push: PATH: /usr/share/npm/bin/node-gyp-bin:/home/syssec/github.io/unrloay2.github.io/node_modules/.bin:/home/syssec/.local/bin:/home/syssec/gems/bin:/usr/local/sbin:/usr/local/bin:/usr/sbin:/usr/bin:/sbin:/bin:/usr/games:/usr/local/games:/snap/bin
10 verbose lifecycle jekyll-text-theme@2.2.4~gem-push: CWD: /home/syssec/github.io/unrloay2.github.io
11 silly lifecycle jekyll-text-theme@2.2.4~gem-push: Args: [ '-c', 'gem push jekyll-text-theme-*.gem' ]
12 silly lifecycle jekyll-text-theme@2.2.4~gem-push: Returned: code: 1  signal: null
13 info lifecycle jekyll-text-theme@2.2.4~gem-push: Failed to exec gem-push script
14 verbose stack Error: jekyll-text-theme@2.2.4 gem-push: `gem push jekyll-text-theme-*.gem`
14 verbose stack Exit status 1
14 verbose stack     at EventEmitter.<anonymous> (/usr/share/npm/lib/utils/lifecycle.js:232:16)
14 verbose stack     at emitTwo (events.js:126:13)
14 verbose stack     at EventEmitter.emit (events.js:214:7)
14 verbose stack     at ChildProcess.<anonymous> (/usr/share/npm/lib/utils/spawn.js:24:14)
14 verbose stack     at emitTwo (events.js:126:13)
14 verbose stack     at ChildProcess.emit (events.js:214:7)
14 verbose stack     at maybeClose (internal/child_process.js:925:16)
14 verbose stack     at Process.ChildProcess._handle.onexit (internal/child_process.js:209:5)
15 verbose pkgid jekyll-text-theme@2.2.4
16 verbose cwd /home/syssec/github.io/unrloay2.github.io
17 error Linux 4.18.0-25-generic
18 error argv "/usr/bin/node" "/usr/bin/npm" "run" "gem-push"
19 error node v8.10.0
20 error npm  v3.5.2
21 error code ELIFECYCLE
22 error jekyll-text-theme@2.2.4 gem-push: `gem push jekyll-text-theme-*.gem`
22 error Exit status 1
23 error Failed at the jekyll-text-theme@2.2.4 gem-push script 'gem push jekyll-text-theme-*.gem'.
23 error Make sure you have the latest version of node.js and npm installed.
23 error If you do, this is most likely a problem with the jekyll-text-theme package,
23 error not with npm itself.
23 error Tell the author that this fails on your system:
23 error     gem push jekyll-text-theme-*.gem
23 error You can get information on how to open an issue for this project with:
23 error     npm bugs jekyll-text-theme
23 error Or if that isn't available, you can get their info via:
23 error     npm owner ls jekyll-text-theme
23 error There is likely additional logging output above.
24 verbose exit [ 1, true ]
